

================================================================
== Vivado HLS Report for 'flatten'
================================================================
* Date:           Sun Oct 29 21:11:39 2023

* Version:        2019.2.1 (Build 2724168 on Thu Dec 05 05:19:09 MST 2019)
* Project:        bnn_reshape.prj
* Solution:       solution1
* Product family: zynq
* Target device:  xc7z020-clg484-1


================================================================
== Performance Estimates
================================================================
+ Timing: 
    * Summary: 
    +--------+----------+----------+------------+
    |  Clock |  Target  | Estimated| Uncertainty|
    +--------+----------+----------+------------+
    |ap_clk  | 10.00 ns | 4.102 ns |   1.25 ns  |
    +--------+----------+----------+------------+

+ Latency: 
    * Summary: 
    +---------+---------+-----------+-----------+------+------+---------+
    |  Latency (cycles) |   Latency (absolute)  |   Interval  | Pipeline|
    |   min   |   max   |    min    |    max    |  min |  max |   Type  |
    +---------+---------+-----------+-----------+------+------+---------+
    |     1345|     1345| 13.450 us | 13.450 us |  1345|  1345|   none  |
    +---------+---------+-----------+-----------+------+------+---------+

    + Detail: 
        * Instance: 
        N/A

        * Loop: 
        +---------------+---------+---------+----------+-----------+-----------+------+----------+
        |               |  Latency (cycles) | Iteration|  Initiation Interval  | Trip |          |
        |   Loop Name   |   min   |   max   |  Latency |  achieved |   target  | Count| Pipelined|
        +---------------+---------+---------+----------+-----------+-----------+------+----------+
        |- LOOP_F_C     |     1344|     1344|        42|          -|          -|    32|    no    |
        | + LOOP_F_Y    |       40|       40|        10|          -|          -|     4|    no    |
        |  ++ LOOP_F_X  |        8|        8|         2|          -|          -|     4|    no    |
        +---------------+---------+---------+----------+-----------+-----------+------+----------+



================================================================
== Utilization Estimates
================================================================
* Summary: 
+-----------------+---------+-------+--------+-------+-----+
|       Name      | BRAM_18K| DSP48E|   FF   |  LUT  | URAM|
+-----------------+---------+-------+--------+-------+-----+
|DSP              |        -|      -|       -|      -|    -|
|Expression       |        -|      -|       0|    111|    -|
|FIFO             |        -|      -|       -|      -|    -|
|Instance         |        -|      -|       -|      -|    -|
|Memory           |        -|      -|       -|      -|    -|
|Multiplexer      |        -|      -|       -|     60|    -|
|Register         |        -|      -|     567|      -|    -|
+-----------------+---------+-------+--------+-------+-----+
|Total            |        0|      0|     567|    171|    0|
+-----------------+---------+-------+--------+-------+-----+
|Available        |      280|    220|  106400|  53200|    0|
+-----------------+---------+-------+--------+-------+-----+
|Utilization (%)  |        0|      0|   ~0   |   ~0  |    0|
+-----------------+---------+-------+--------+-------+-----+

+ Detail: 
    * Instance: 
    N/A

    * DSP48E: 
    N/A

    * Memory: 
    N/A

    * FIFO: 
    N/A

    * Expression: 
    +------------------------+----------+-------+---+----+------------+------------+
    |      Variable Name     | Operation| DSP48E| FF| LUT| Bitwidth P0| Bitwidth P1|
    +------------------------+----------+-------+---+----+------------+------------+
    |add_ln133_fu_7846_p2    |     +    |      0|  0|  13|           4|           4|
    |add_ln134_1_fu_7863_p2  |     +    |      0|  0|  15|           6|           6|
    |add_ln134_fu_7873_p2    |     +    |      0|  0|  15|           9|           9|
    |c_fu_3172_p2            |     +    |      0|  0|  15|           6|           1|
    |x_fu_7836_p2            |     +    |      0|  0|  12|           3|           1|
    |y_fu_7800_p2            |     +    |      0|  0|  12|           3|           1|
    |icmp_ln128_fu_3166_p2   |   icmp   |      0|  0|  11|           6|           7|
    |icmp_ln130_fu_7794_p2   |   icmp   |      0|  0|   9|           3|           4|
    |icmp_ln132_fu_7830_p2   |   icmp   |      0|  0|   9|           3|           4|
    +------------------------+----------+-------+---+----+------------+------------+
    |Total                   |          |      0|  0| 111|          43|          37|
    +------------------------+----------+-------+---+----+------------+------------+

    * Multiplexer: 
    +--------------+----+-----------+-----+-----------+
    |     Name     | LUT| Input Size| Bits| Total Bits|
    +--------------+----+-----------+-----+-----------+
    |ap_NS_fsm     |  33|          6|    1|          6|
    |c_0_reg_3133  |   9|          2|    6|         12|
    |x_0_reg_3155  |   9|          2|    3|          6|
    |y_0_reg_3144  |   9|          2|    3|          6|
    +--------------+----+-----------+-----+-----------+
    |Total         |  60|         12|   13|         30|
    +--------------+----+-----------+-----+-----------+

    * Register: 
    +---------------------------------+---+----+-----+-----------+
    |               Name              | FF| LUT| Bits| Const Bits|
    +---------------------------------+---+----+-----+-----------+
    |add_ln134_reg_13566              |  9|   0|    9|          0|
    |ap_CS_fsm                        |  5|   0|    5|          0|
    |c_0_reg_3133                     |  6|   0|    6|          0|
    |c_reg_13520                      |  6|   0|    6|          0|
    |output_0_write_assign_fu_3100    |  1|   0|    1|          0|
    |output_100_write_assign_fu_2732  |  1|   0|    1|          0|
    |output_101_write_assign_fu_2724  |  1|   0|    1|          0|
    |output_102_write_assign_fu_2720  |  1|   0|    1|          0|
    |output_103_write_assign_fu_2712  |  1|   0|    1|          0|
    |output_104_write_assign_fu_2708  |  1|   0|    1|          0|
    |output_105_write_assign_fu_2700  |  1|   0|    1|          0|
    |output_106_write_assign_fu_2696  |  1|   0|    1|          0|
    |output_107_write_assign_fu_2688  |  1|   0|    1|          0|
    |output_108_write_assign_fu_2560  |  1|   0|    1|          0|
    |output_109_write_assign_fu_2572  |  1|   0|    1|          0|
    |output_10_write_assign_fu_3000   |  1|   0|    1|          0|
    |output_110_write_assign_fu_2584  |  1|   0|    1|          0|
    |output_111_write_assign_fu_2596  |  1|   0|    1|          0|
    |output_112_write_assign_fu_2608  |  1|   0|    1|          0|
    |output_113_write_assign_fu_2620  |  1|   0|    1|          0|
    |output_114_write_assign_fu_2632  |  1|   0|    1|          0|
    |output_115_write_assign_fu_2644  |  1|   0|    1|          0|
    |output_116_write_assign_fu_2656  |  1|   0|    1|          0|
    |output_117_write_assign_fu_2668  |  1|   0|    1|          0|
    |output_118_write_assign_fu_2680  |  1|   0|    1|          0|
    |output_119_write_assign_fu_2684  |  1|   0|    1|          0|
    |output_11_write_assign_fu_3012   |  1|   0|    1|          0|
    |output_120_write_assign_fu_2676  |  1|   0|    1|          0|
    |output_121_write_assign_fu_2672  |  1|   0|    1|          0|
    |output_122_write_assign_fu_2664  |  1|   0|    1|          0|
    |output_123_write_assign_fu_2660  |  1|   0|    1|          0|
    |output_124_write_assign_fu_2652  |  1|   0|    1|          0|
    |output_125_write_assign_fu_2648  |  1|   0|    1|          0|
    |output_126_write_assign_fu_2640  |  1|   0|    1|          0|
    |output_127_write_assign_fu_2636  |  1|   0|    1|          0|
    |output_128_write_assign_fu_2628  |  1|   0|    1|          0|
    |output_129_write_assign_fu_2624  |  1|   0|    1|          0|
    |output_12_write_assign_fu_3024   |  1|   0|    1|          0|
    |output_130_write_assign_fu_2616  |  1|   0|    1|          0|
    |output_131_write_assign_fu_2612  |  1|   0|    1|          0|
    |output_132_write_assign_fu_2604  |  1|   0|    1|          0|
    |output_133_write_assign_fu_2600  |  1|   0|    1|          0|
    |output_134_write_assign_fu_2592  |  1|   0|    1|          0|
    |output_135_write_assign_fu_2588  |  1|   0|    1|          0|
    |output_136_write_assign_fu_2580  |  1|   0|    1|          0|
    |output_137_write_assign_fu_2576  |  1|   0|    1|          0|
    |output_138_write_assign_fu_2568  |  1|   0|    1|          0|
    |output_139_write_assign_fu_2564  |  1|   0|    1|          0|
    |output_13_write_assign_fu_3036   |  1|   0|    1|          0|
    |output_140_write_assign_fu_2556  |  1|   0|    1|          0|
    |output_141_write_assign_fu_2424  |  1|   0|    1|          0|
    |output_142_write_assign_fu_2436  |  1|   0|    1|          0|
    |output_143_write_assign_fu_2448  |  1|   0|    1|          0|
    |output_144_write_assign_fu_2460  |  1|   0|    1|          0|
    |output_145_write_assign_fu_2472  |  1|   0|    1|          0|
    |output_146_write_assign_fu_2484  |  1|   0|    1|          0|
    |output_147_write_assign_fu_2496  |  1|   0|    1|          0|
    |output_148_write_assign_fu_2508  |  1|   0|    1|          0|
    |output_149_write_assign_fu_2520  |  1|   0|    1|          0|
    |output_14_write_assign_fu_3048   |  1|   0|    1|          0|
    |output_150_write_assign_fu_2532  |  1|   0|    1|          0|
    |output_151_write_assign_fu_2544  |  1|   0|    1|          0|
    |output_152_write_assign_fu_2552  |  1|   0|    1|          0|
    |output_153_write_assign_fu_2548  |  1|   0|    1|          0|
    |output_154_write_assign_fu_2540  |  1|   0|    1|          0|
    |output_155_write_assign_fu_2536  |  1|   0|    1|          0|
    |output_156_write_assign_fu_2528  |  1|   0|    1|          0|
    |output_157_write_assign_fu_2524  |  1|   0|    1|          0|
    |output_158_write_assign_fu_2516  |  1|   0|    1|          0|
    |output_159_write_assign_fu_2512  |  1|   0|    1|          0|
    |output_15_write_assign_fu_3060   |  1|   0|    1|          0|
    |output_160_write_assign_fu_2504  |  1|   0|    1|          0|
    |output_161_write_assign_fu_2500  |  1|   0|    1|          0|
    |output_162_write_assign_fu_2492  |  1|   0|    1|          0|
    |output_163_write_assign_fu_2488  |  1|   0|    1|          0|
    |output_164_write_assign_fu_2480  |  1|   0|    1|          0|
    |output_165_write_assign_fu_2476  |  1|   0|    1|          0|
    |output_166_write_assign_fu_2468  |  1|   0|    1|          0|
    |output_167_write_assign_fu_2464  |  1|   0|    1|          0|
    |output_168_write_assign_fu_2456  |  1|   0|    1|          0|
    |output_169_write_assign_fu_2452  |  1|   0|    1|          0|
    |output_16_write_assign_fu_3072   |  1|   0|    1|          0|
    |output_170_write_assign_fu_2444  |  1|   0|    1|          0|
    |output_171_write_assign_fu_2440  |  1|   0|    1|          0|
    |output_172_write_assign_fu_2432  |  1|   0|    1|          0|
    |output_173_write_assign_fu_2428  |  1|   0|    1|          0|
    |output_174_write_assign_fu_2420  |  1|   0|    1|          0|
    |output_175_write_assign_fu_2288  |  1|   0|    1|          0|
    |output_176_write_assign_fu_2300  |  1|   0|    1|          0|
    |output_177_write_assign_fu_2312  |  1|   0|    1|          0|
    |output_178_write_assign_fu_2324  |  1|   0|    1|          0|
    |output_179_write_assign_fu_2336  |  1|   0|    1|          0|
    |output_17_write_assign_fu_3084   |  1|   0|    1|          0|
    |output_180_write_assign_fu_2348  |  1|   0|    1|          0|
    |output_181_write_assign_fu_2360  |  1|   0|    1|          0|
    |output_182_write_assign_fu_2372  |  1|   0|    1|          0|
    |output_183_write_assign_fu_2384  |  1|   0|    1|          0|
    |output_184_write_assign_fu_2396  |  1|   0|    1|          0|
    |output_185_write_assign_fu_2408  |  1|   0|    1|          0|
    |output_186_write_assign_fu_2416  |  1|   0|    1|          0|
    |output_187_write_assign_fu_2412  |  1|   0|    1|          0|
    |output_188_write_assign_fu_2404  |  1|   0|    1|          0|
    |output_189_write_assign_fu_2400  |  1|   0|    1|          0|
    |output_18_write_assign_fu_3088   |  1|   0|    1|          0|
    |output_190_write_assign_fu_2392  |  1|   0|    1|          0|
    |output_191_write_assign_fu_2388  |  1|   0|    1|          0|
    |output_192_write_assign_fu_2380  |  1|   0|    1|          0|
    |output_193_write_assign_fu_2376  |  1|   0|    1|          0|
    |output_194_write_assign_fu_2368  |  1|   0|    1|          0|
    |output_195_write_assign_fu_2364  |  1|   0|    1|          0|
    |output_196_write_assign_fu_2356  |  1|   0|    1|          0|
    |output_197_write_assign_fu_2352  |  1|   0|    1|          0|
    |output_198_write_assign_fu_2344  |  1|   0|    1|          0|
    |output_199_write_assign_fu_2340  |  1|   0|    1|          0|
    |output_19_write_assign_fu_3080   |  1|   0|    1|          0|
    |output_1_write_assign_fu_3112    |  1|   0|    1|          0|
    |output_200_write_assign_fu_2332  |  1|   0|    1|          0|
    |output_201_write_assign_fu_2328  |  1|   0|    1|          0|
    |output_202_write_assign_fu_2320  |  1|   0|    1|          0|
    |output_203_write_assign_fu_2316  |  1|   0|    1|          0|
    |output_204_write_assign_fu_2308  |  1|   0|    1|          0|
    |output_205_write_assign_fu_2304  |  1|   0|    1|          0|
    |output_206_write_assign_fu_2296  |  1|   0|    1|          0|
    |output_207_write_assign_fu_2292  |  1|   0|    1|          0|
    |output_208_write_assign_fu_2284  |  1|   0|    1|          0|
    |output_209_write_assign_fu_2156  |  1|   0|    1|          0|
    |output_20_write_assign_fu_3076   |  1|   0|    1|          0|
    |output_210_write_assign_fu_2168  |  1|   0|    1|          0|
    |output_211_write_assign_fu_2180  |  1|   0|    1|          0|
    |output_212_write_assign_fu_2192  |  1|   0|    1|          0|
    |output_213_write_assign_fu_2204  |  1|   0|    1|          0|
    |output_214_write_assign_fu_2216  |  1|   0|    1|          0|
    |output_215_write_assign_fu_2228  |  1|   0|    1|          0|
    |output_216_write_assign_fu_2240  |  1|   0|    1|          0|
    |output_217_write_assign_fu_2252  |  1|   0|    1|          0|
    |output_218_write_assign_fu_2264  |  1|   0|    1|          0|
    |output_219_write_assign_fu_2276  |  1|   0|    1|          0|
    |output_21_write_assign_fu_3068   |  1|   0|    1|          0|
    |output_220_write_assign_fu_2280  |  1|   0|    1|          0|
    |output_221_write_assign_fu_2272  |  1|   0|    1|          0|
    |output_222_write_assign_fu_2268  |  1|   0|    1|          0|
    |output_223_write_assign_fu_2260  |  1|   0|    1|          0|
    |output_224_write_assign_fu_2256  |  1|   0|    1|          0|
    |output_225_write_assign_fu_2248  |  1|   0|    1|          0|
    |output_226_write_assign_fu_2244  |  1|   0|    1|          0|
    |output_227_write_assign_fu_2236  |  1|   0|    1|          0|
    |output_228_write_assign_fu_2232  |  1|   0|    1|          0|
    |output_229_write_assign_fu_2224  |  1|   0|    1|          0|
    |output_22_write_assign_fu_3064   |  1|   0|    1|          0|
    |output_230_write_assign_fu_2220  |  1|   0|    1|          0|
    |output_231_write_assign_fu_2212  |  1|   0|    1|          0|
    |output_232_write_assign_fu_2208  |  1|   0|    1|          0|
    |output_233_write_assign_fu_2200  |  1|   0|    1|          0|
    |output_234_write_assign_fu_2196  |  1|   0|    1|          0|
    |output_235_write_assign_fu_2188  |  1|   0|    1|          0|
    |output_236_write_assign_fu_2184  |  1|   0|    1|          0|
    |output_237_write_assign_fu_2176  |  1|   0|    1|          0|
    |output_238_write_assign_fu_2172  |  1|   0|    1|          0|
    |output_239_write_assign_fu_2164  |  1|   0|    1|          0|
    |output_23_write_assign_fu_3056   |  1|   0|    1|          0|
    |output_240_write_assign_fu_2160  |  1|   0|    1|          0|
    |output_241_write_assign_fu_2152  |  1|   0|    1|          0|
    |output_242_write_assign_fu_2020  |  1|   0|    1|          0|
    |output_243_write_assign_fu_2032  |  1|   0|    1|          0|
    |output_244_write_assign_fu_2044  |  1|   0|    1|          0|
    |output_245_write_assign_fu_2056  |  1|   0|    1|          0|
    |output_246_write_assign_fu_2068  |  1|   0|    1|          0|
    |output_247_write_assign_fu_2080  |  1|   0|    1|          0|
    |output_248_write_assign_fu_2092  |  1|   0|    1|          0|
    |output_249_write_assign_fu_2104  |  1|   0|    1|          0|
    |output_24_write_assign_fu_3052   |  1|   0|    1|          0|
    |output_250_write_assign_fu_2116  |  1|   0|    1|          0|
    |output_251_write_assign_fu_2128  |  1|   0|    1|          0|
    |output_252_write_assign_fu_2140  |  1|   0|    1|          0|
    |output_253_write_assign_fu_2148  |  1|   0|    1|          0|
    |output_254_write_assign_fu_2144  |  1|   0|    1|          0|
    |output_255_write_assign_fu_2136  |  1|   0|    1|          0|
    |output_256_write_assign_fu_2132  |  1|   0|    1|          0|
    |output_257_write_assign_fu_2124  |  1|   0|    1|          0|
    |output_258_write_assign_fu_2120  |  1|   0|    1|          0|
    |output_259_write_assign_fu_2112  |  1|   0|    1|          0|
    |output_25_write_assign_fu_3044   |  1|   0|    1|          0|
    |output_260_write_assign_fu_2108  |  1|   0|    1|          0|
    |output_261_write_assign_fu_2100  |  1|   0|    1|          0|
    |output_262_write_assign_fu_2096  |  1|   0|    1|          0|
    |output_263_write_assign_fu_2088  |  1|   0|    1|          0|
    |output_264_write_assign_fu_2084  |  1|   0|    1|          0|
    |output_265_write_assign_fu_2076  |  1|   0|    1|          0|
    |output_266_write_assign_fu_2072  |  1|   0|    1|          0|
    |output_267_write_assign_fu_2064  |  1|   0|    1|          0|
    |output_268_write_assign_fu_2060  |  1|   0|    1|          0|
    |output_269_write_assign_fu_2052  |  1|   0|    1|          0|
    |output_26_write_assign_fu_3040   |  1|   0|    1|          0|
    |output_270_write_assign_fu_2048  |  1|   0|    1|          0|
    |output_271_write_assign_fu_2040  |  1|   0|    1|          0|
    |output_272_write_assign_fu_2036  |  1|   0|    1|          0|
    |output_273_write_assign_fu_2028  |  1|   0|    1|          0|
    |output_274_write_assign_fu_2024  |  1|   0|    1|          0|
    |output_275_write_assign_fu_2016  |  1|   0|    1|          0|
    |output_276_write_assign_fu_1884  |  1|   0|    1|          0|
    |output_277_write_assign_fu_1896  |  1|   0|    1|          0|
    |output_278_write_assign_fu_1908  |  1|   0|    1|          0|
    |output_279_write_assign_fu_1920  |  1|   0|    1|          0|
    |output_27_write_assign_fu_3032   |  1|   0|    1|          0|
    |output_280_write_assign_fu_1932  |  1|   0|    1|          0|
    |output_281_write_assign_fu_1944  |  1|   0|    1|          0|
    |output_282_write_assign_fu_1956  |  1|   0|    1|          0|
    |output_283_write_assign_fu_1968  |  1|   0|    1|          0|
    |output_284_write_assign_fu_1980  |  1|   0|    1|          0|
    |output_285_write_assign_fu_1992  |  1|   0|    1|          0|
    |output_286_write_assign_fu_2004  |  1|   0|    1|          0|
    |output_287_write_assign_fu_2012  |  1|   0|    1|          0|
    |output_288_write_assign_fu_2008  |  1|   0|    1|          0|
    |output_289_write_assign_fu_2000  |  1|   0|    1|          0|
    |output_28_write_assign_fu_3028   |  1|   0|    1|          0|
    |output_290_write_assign_fu_1996  |  1|   0|    1|          0|
    |output_291_write_assign_fu_1988  |  1|   0|    1|          0|
    |output_292_write_assign_fu_1984  |  1|   0|    1|          0|
    |output_293_write_assign_fu_1976  |  1|   0|    1|          0|
    |output_294_write_assign_fu_1972  |  1|   0|    1|          0|
    |output_295_write_assign_fu_1964  |  1|   0|    1|          0|
    |output_296_write_assign_fu_1960  |  1|   0|    1|          0|
    |output_297_write_assign_fu_1952  |  1|   0|    1|          0|
    |output_298_write_assign_fu_1948  |  1|   0|    1|          0|
    |output_299_write_assign_fu_1940  |  1|   0|    1|          0|
    |output_29_write_assign_fu_3020   |  1|   0|    1|          0|
    |output_2_write_assign_fu_3116    |  1|   0|    1|          0|
    |output_300_write_assign_fu_1936  |  1|   0|    1|          0|
    |output_301_write_assign_fu_1928  |  1|   0|    1|          0|
    |output_302_write_assign_fu_1924  |  1|   0|    1|          0|
    |output_303_write_assign_fu_1916  |  1|   0|    1|          0|
    |output_304_write_assign_fu_1912  |  1|   0|    1|          0|
    |output_305_write_assign_fu_1904  |  1|   0|    1|          0|
    |output_306_write_assign_fu_1900  |  1|   0|    1|          0|
    |output_307_write_assign_fu_1892  |  1|   0|    1|          0|
    |output_308_write_assign_fu_1888  |  1|   0|    1|          0|
    |output_309_write_assign_fu_1880  |  1|   0|    1|          0|
    |output_30_write_assign_fu_3016   |  1|   0|    1|          0|
    |output_310_write_assign_fu_1752  |  1|   0|    1|          0|
    |output_311_write_assign_fu_1764  |  1|   0|    1|          0|
    |output_312_write_assign_fu_1776  |  1|   0|    1|          0|
    |output_313_write_assign_fu_1788  |  1|   0|    1|          0|
    |output_314_write_assign_fu_1800  |  1|   0|    1|          0|
    |output_315_write_assign_fu_1812  |  1|   0|    1|          0|
    |output_316_write_assign_fu_1824  |  1|   0|    1|          0|
    |output_317_write_assign_fu_1836  |  1|   0|    1|          0|
    |output_318_write_assign_fu_1848  |  1|   0|    1|          0|
    |output_319_write_assign_fu_1860  |  1|   0|    1|          0|
    |output_31_write_assign_fu_3008   |  1|   0|    1|          0|
    |output_320_write_assign_fu_1872  |  1|   0|    1|          0|
    |output_321_write_assign_fu_1876  |  1|   0|    1|          0|
    |output_322_write_assign_fu_1868  |  1|   0|    1|          0|
    |output_323_write_assign_fu_1864  |  1|   0|    1|          0|
    |output_324_write_assign_fu_1856  |  1|   0|    1|          0|
    |output_325_write_assign_fu_1852  |  1|   0|    1|          0|
    |output_326_write_assign_fu_1844  |  1|   0|    1|          0|
    |output_327_write_assign_fu_1840  |  1|   0|    1|          0|
    |output_328_write_assign_fu_1832  |  1|   0|    1|          0|
    |output_329_write_assign_fu_1828  |  1|   0|    1|          0|
    |output_32_write_assign_fu_3004   |  1|   0|    1|          0|
    |output_330_write_assign_fu_1820  |  1|   0|    1|          0|
    |output_331_write_assign_fu_1816  |  1|   0|    1|          0|
    |output_332_write_assign_fu_1808  |  1|   0|    1|          0|
    |output_333_write_assign_fu_1804  |  1|   0|    1|          0|
    |output_334_write_assign_fu_1796  |  1|   0|    1|          0|
    |output_335_write_assign_fu_1792  |  1|   0|    1|          0|
    |output_336_write_assign_fu_1784  |  1|   0|    1|          0|
    |output_337_write_assign_fu_1780  |  1|   0|    1|          0|
    |output_338_write_assign_fu_1772  |  1|   0|    1|          0|
    |output_339_write_assign_fu_1768  |  1|   0|    1|          0|
    |output_33_write_assign_fu_2996   |  1|   0|    1|          0|
    |output_340_write_assign_fu_1760  |  1|   0|    1|          0|
    |output_341_write_assign_fu_1756  |  1|   0|    1|          0|
    |output_342_write_assign_fu_1748  |  1|   0|    1|          0|
    |output_343_write_assign_fu_1616  |  1|   0|    1|          0|
    |output_344_write_assign_fu_1628  |  1|   0|    1|          0|
    |output_345_write_assign_fu_1640  |  1|   0|    1|          0|
    |output_346_write_assign_fu_1652  |  1|   0|    1|          0|
    |output_347_write_assign_fu_1664  |  1|   0|    1|          0|
    |output_348_write_assign_fu_1676  |  1|   0|    1|          0|
    |output_349_write_assign_fu_1688  |  1|   0|    1|          0|
    |output_34_write_assign_fu_2992   |  1|   0|    1|          0|
    |output_350_write_assign_fu_1700  |  1|   0|    1|          0|
    |output_351_write_assign_fu_1712  |  1|   0|    1|          0|
    |output_352_write_assign_fu_1724  |  1|   0|    1|          0|
    |output_353_write_assign_fu_1736  |  1|   0|    1|          0|
    |output_354_write_assign_fu_1744  |  1|   0|    1|          0|
    |output_355_write_assign_fu_1740  |  1|   0|    1|          0|
    |output_356_write_assign_fu_1732  |  1|   0|    1|          0|
    |output_357_write_assign_fu_1728  |  1|   0|    1|          0|
    |output_358_write_assign_fu_1720  |  1|   0|    1|          0|
    |output_359_write_assign_fu_1716  |  1|   0|    1|          0|
    |output_35_write_assign_fu_2984   |  1|   0|    1|          0|
    |output_360_write_assign_fu_1708  |  1|   0|    1|          0|
    |output_361_write_assign_fu_1704  |  1|   0|    1|          0|
    |output_362_write_assign_fu_1696  |  1|   0|    1|          0|
    |output_363_write_assign_fu_1692  |  1|   0|    1|          0|
    |output_364_write_assign_fu_1684  |  1|   0|    1|          0|
    |output_365_write_assign_fu_1680  |  1|   0|    1|          0|
    |output_366_write_assign_fu_1672  |  1|   0|    1|          0|
    |output_367_write_assign_fu_1668  |  1|   0|    1|          0|
    |output_368_write_assign_fu_1660  |  1|   0|    1|          0|
    |output_369_write_assign_fu_1656  |  1|   0|    1|          0|
    |output_36_write_assign_fu_2980   |  1|   0|    1|          0|
    |output_370_write_assign_fu_1648  |  1|   0|    1|          0|
    |output_371_write_assign_fu_1644  |  1|   0|    1|          0|
    |output_372_write_assign_fu_1636  |  1|   0|    1|          0|
    |output_373_write_assign_fu_1632  |  1|   0|    1|          0|
    |output_374_write_assign_fu_1624  |  1|   0|    1|          0|
    |output_375_write_assign_fu_1620  |  1|   0|    1|          0|
    |output_376_write_assign_fu_1612  |  1|   0|    1|          0|
    |output_377_write_assign_fu_1480  |  1|   0|    1|          0|
    |output_378_write_assign_fu_1492  |  1|   0|    1|          0|
    |output_379_write_assign_fu_1504  |  1|   0|    1|          0|
    |output_37_write_assign_fu_2972   |  1|   0|    1|          0|
    |output_380_write_assign_fu_1516  |  1|   0|    1|          0|
    |output_381_write_assign_fu_1528  |  1|   0|    1|          0|
    |output_382_write_assign_fu_1540  |  1|   0|    1|          0|
    |output_383_write_assign_fu_1552  |  1|   0|    1|          0|
    |output_384_write_assign_fu_1564  |  1|   0|    1|          0|
    |output_385_write_assign_fu_1576  |  1|   0|    1|          0|
    |output_386_write_assign_fu_1588  |  1|   0|    1|          0|
    |output_387_write_assign_fu_1600  |  1|   0|    1|          0|
    |output_388_write_assign_fu_1608  |  1|   0|    1|          0|
    |output_389_write_assign_fu_1604  |  1|   0|    1|          0|
    |output_38_write_assign_fu_2968   |  1|   0|    1|          0|
    |output_390_write_assign_fu_1596  |  1|   0|    1|          0|
    |output_391_write_assign_fu_1592  |  1|   0|    1|          0|
    |output_392_write_assign_fu_1584  |  1|   0|    1|          0|
    |output_393_write_assign_fu_1580  |  1|   0|    1|          0|
    |output_394_write_assign_fu_1572  |  1|   0|    1|          0|
    |output_395_write_assign_fu_1568  |  1|   0|    1|          0|
    |output_396_write_assign_fu_1560  |  1|   0|    1|          0|
    |output_397_write_assign_fu_1556  |  1|   0|    1|          0|
    |output_398_write_assign_fu_1548  |  1|   0|    1|          0|
    |output_399_write_assign_fu_1544  |  1|   0|    1|          0|
    |output_39_write_assign_fu_2960   |  1|   0|    1|          0|
    |output_3_write_assign_fu_3108    |  1|   0|    1|          0|
    |output_400_write_assign_fu_1536  |  1|   0|    1|          0|
    |output_401_write_assign_fu_1532  |  1|   0|    1|          0|
    |output_402_write_assign_fu_1524  |  1|   0|    1|          0|
    |output_403_write_assign_fu_1520  |  1|   0|    1|          0|
    |output_404_write_assign_fu_1512  |  1|   0|    1|          0|
    |output_405_write_assign_fu_1508  |  1|   0|    1|          0|
    |output_406_write_assign_fu_1500  |  1|   0|    1|          0|
    |output_407_write_assign_fu_1496  |  1|   0|    1|          0|
    |output_408_write_assign_fu_1488  |  1|   0|    1|          0|
    |output_409_write_assign_fu_1484  |  1|   0|    1|          0|
    |output_40_write_assign_fu_2828   |  1|   0|    1|          0|
    |output_410_write_assign_fu_1476  |  1|   0|    1|          0|
    |output_411_write_assign_fu_1348  |  1|   0|    1|          0|
    |output_412_write_assign_fu_1360  |  1|   0|    1|          0|
    |output_413_write_assign_fu_1372  |  1|   0|    1|          0|
    |output_414_write_assign_fu_1384  |  1|   0|    1|          0|
    |output_415_write_assign_fu_1396  |  1|   0|    1|          0|
    |output_416_write_assign_fu_1408  |  1|   0|    1|          0|
    |output_417_write_assign_fu_1420  |  1|   0|    1|          0|
    |output_418_write_assign_fu_1432  |  1|   0|    1|          0|
    |output_419_write_assign_fu_1444  |  1|   0|    1|          0|
    |output_41_write_assign_fu_2840   |  1|   0|    1|          0|
    |output_420_write_assign_fu_1456  |  1|   0|    1|          0|
    |output_421_write_assign_fu_1468  |  1|   0|    1|          0|
    |output_422_write_assign_fu_1472  |  1|   0|    1|          0|
    |output_423_write_assign_fu_1464  |  1|   0|    1|          0|
    |output_424_write_assign_fu_1460  |  1|   0|    1|          0|
    |output_425_write_assign_fu_1452  |  1|   0|    1|          0|
    |output_426_write_assign_fu_1448  |  1|   0|    1|          0|
    |output_427_write_assign_fu_1440  |  1|   0|    1|          0|
    |output_428_write_assign_fu_1436  |  1|   0|    1|          0|
    |output_429_write_assign_fu_1428  |  1|   0|    1|          0|
    |output_42_write_assign_fu_2852   |  1|   0|    1|          0|
    |output_430_write_assign_fu_1424  |  1|   0|    1|          0|
    |output_431_write_assign_fu_1416  |  1|   0|    1|          0|
    |output_432_write_assign_fu_1412  |  1|   0|    1|          0|
    |output_433_write_assign_fu_1404  |  1|   0|    1|          0|
    |output_434_write_assign_fu_1400  |  1|   0|    1|          0|
    |output_435_write_assign_fu_1392  |  1|   0|    1|          0|
    |output_436_write_assign_fu_1388  |  1|   0|    1|          0|
    |output_437_write_assign_fu_1380  |  1|   0|    1|          0|
    |output_438_write_assign_fu_1376  |  1|   0|    1|          0|
    |output_439_write_assign_fu_1368  |  1|   0|    1|          0|
    |output_43_write_assign_fu_2864   |  1|   0|    1|          0|
    |output_440_write_assign_fu_1364  |  1|   0|    1|          0|
    |output_441_write_assign_fu_1356  |  1|   0|    1|          0|
    |output_442_write_assign_fu_1352  |  1|   0|    1|          0|
    |output_443_write_assign_fu_1344  |  1|   0|    1|          0|
    |output_444_write_assign_fu_1212  |  1|   0|    1|          0|
    |output_445_write_assign_fu_1224  |  1|   0|    1|          0|
    |output_446_write_assign_fu_1236  |  1|   0|    1|          0|
    |output_447_write_assign_fu_1248  |  1|   0|    1|          0|
    |output_448_write_assign_fu_1260  |  1|   0|    1|          0|
    |output_449_write_assign_fu_1272  |  1|   0|    1|          0|
    |output_44_write_assign_fu_2876   |  1|   0|    1|          0|
    |output_450_write_assign_fu_1284  |  1|   0|    1|          0|
    |output_451_write_assign_fu_1296  |  1|   0|    1|          0|
    |output_452_write_assign_fu_1308  |  1|   0|    1|          0|
    |output_453_write_assign_fu_1320  |  1|   0|    1|          0|
    |output_454_write_assign_fu_1332  |  1|   0|    1|          0|
    |output_455_write_assign_fu_1340  |  1|   0|    1|          0|
    |output_456_write_assign_fu_1336  |  1|   0|    1|          0|
    |output_457_write_assign_fu_1328  |  1|   0|    1|          0|
    |output_458_write_assign_fu_1324  |  1|   0|    1|          0|
    |output_459_write_assign_fu_1316  |  1|   0|    1|          0|
    |output_45_write_assign_fu_2888   |  1|   0|    1|          0|
    |output_460_write_assign_fu_1312  |  1|   0|    1|          0|
    |output_461_write_assign_fu_1304  |  1|   0|    1|          0|
    |output_462_write_assign_fu_1300  |  1|   0|    1|          0|
    |output_463_write_assign_fu_1292  |  1|   0|    1|          0|
    |output_464_write_assign_fu_1288  |  1|   0|    1|          0|
    |output_465_write_assign_fu_1280  |  1|   0|    1|          0|
    |output_466_write_assign_fu_1276  |  1|   0|    1|          0|
    |output_467_write_assign_fu_1268  |  1|   0|    1|          0|
    |output_468_write_assign_fu_1264  |  1|   0|    1|          0|
    |output_469_write_assign_fu_1256  |  1|   0|    1|          0|
    |output_46_write_assign_fu_2900   |  1|   0|    1|          0|
    |output_470_write_assign_fu_1252  |  1|   0|    1|          0|
    |output_471_write_assign_fu_1244  |  1|   0|    1|          0|
    |output_472_write_assign_fu_1240  |  1|   0|    1|          0|
    |output_473_write_assign_fu_1232  |  1|   0|    1|          0|
    |output_474_write_assign_fu_1228  |  1|   0|    1|          0|
    |output_475_write_assign_fu_1220  |  1|   0|    1|          0|
    |output_476_write_assign_fu_1216  |  1|   0|    1|          0|
    |output_477_write_assign_fu_1208  |  1|   0|    1|          0|
    |output_478_write_assign_fu_1076  |  1|   0|    1|          0|
    |output_479_write_assign_fu_1088  |  1|   0|    1|          0|
    |output_47_write_assign_fu_2912   |  1|   0|    1|          0|
    |output_480_write_assign_fu_1100  |  1|   0|    1|          0|
    |output_481_write_assign_fu_1112  |  1|   0|    1|          0|
    |output_482_write_assign_fu_1124  |  1|   0|    1|          0|
    |output_483_write_assign_fu_1136  |  1|   0|    1|          0|
    |output_484_write_assign_fu_1148  |  1|   0|    1|          0|
    |output_485_write_assign_fu_1160  |  1|   0|    1|          0|
    |output_486_write_assign_fu_1172  |  1|   0|    1|          0|
    |output_487_write_assign_fu_1184  |  1|   0|    1|          0|
    |output_488_write_assign_fu_1196  |  1|   0|    1|          0|
    |output_489_write_assign_fu_1204  |  1|   0|    1|          0|
    |output_48_write_assign_fu_2924   |  1|   0|    1|          0|
    |output_490_write_assign_fu_1200  |  1|   0|    1|          0|
    |output_491_write_assign_fu_1192  |  1|   0|    1|          0|
    |output_492_write_assign_fu_1188  |  1|   0|    1|          0|
    |output_493_write_assign_fu_1180  |  1|   0|    1|          0|
    |output_494_write_assign_fu_1176  |  1|   0|    1|          0|
    |output_495_write_assign_fu_1168  |  1|   0|    1|          0|
    |output_496_write_assign_fu_1164  |  1|   0|    1|          0|
    |output_497_write_assign_fu_1156  |  1|   0|    1|          0|
    |output_498_write_assign_fu_1152  |  1|   0|    1|          0|
    |output_499_write_assign_fu_1144  |  1|   0|    1|          0|
    |output_49_write_assign_fu_2936   |  1|   0|    1|          0|
    |output_4_write_assign_fu_3104    |  1|   0|    1|          0|
    |output_500_write_assign_fu_1140  |  1|   0|    1|          0|
    |output_501_write_assign_fu_1132  |  1|   0|    1|          0|
    |output_502_write_assign_fu_1128  |  1|   0|    1|          0|
    |output_503_write_assign_fu_1120  |  1|   0|    1|          0|
    |output_504_write_assign_fu_1116  |  1|   0|    1|          0|
    |output_505_write_assign_fu_1108  |  1|   0|    1|          0|
    |output_506_write_assign_fu_1104  |  1|   0|    1|          0|
    |output_507_write_assign_fu_1096  |  1|   0|    1|          0|
    |output_508_write_assign_fu_1092  |  1|   0|    1|          0|
    |output_509_write_assign_fu_1084  |  1|   0|    1|          0|
    |output_50_write_assign_fu_2948   |  1|   0|    1|          0|
    |output_510_write_assign_fu_1080  |  1|   0|    1|          0|
    |output_511_write_assign_fu_1072  |  1|   0|    1|          0|
    |output_51_write_assign_fu_2956   |  1|   0|    1|          0|
    |output_52_write_assign_fu_2952   |  1|   0|    1|          0|
    |output_53_write_assign_fu_2944   |  1|   0|    1|          0|
    |output_54_write_assign_fu_2940   |  1|   0|    1|          0|
    |output_55_write_assign_fu_2932   |  1|   0|    1|          0|
    |output_56_write_assign_fu_2928   |  1|   0|    1|          0|
    |output_57_write_assign_fu_2920   |  1|   0|    1|          0|
    |output_58_write_assign_fu_2916   |  1|   0|    1|          0|
    |output_59_write_assign_fu_2908   |  1|   0|    1|          0|
    |output_5_write_assign_fu_3096    |  1|   0|    1|          0|
    |output_60_write_assign_fu_2904   |  1|   0|    1|          0|
    |output_61_write_assign_fu_2896   |  1|   0|    1|          0|
    |output_62_write_assign_fu_2892   |  1|   0|    1|          0|
    |output_63_write_assign_fu_2884   |  1|   0|    1|          0|
    |output_64_write_assign_fu_2880   |  1|   0|    1|          0|
    |output_65_write_assign_fu_2872   |  1|   0|    1|          0|
    |output_66_write_assign_fu_2868   |  1|   0|    1|          0|
    |output_67_write_assign_fu_2860   |  1|   0|    1|          0|
    |output_68_write_assign_fu_2856   |  1|   0|    1|          0|
    |output_69_write_assign_fu_2848   |  1|   0|    1|          0|
    |output_6_write_assign_fu_3092    |  1|   0|    1|          0|
    |output_70_write_assign_fu_2844   |  1|   0|    1|          0|
    |output_71_write_assign_fu_2836   |  1|   0|    1|          0|
    |output_72_write_assign_fu_2832   |  1|   0|    1|          0|
    |output_73_write_assign_fu_2824   |  1|   0|    1|          0|
    |output_74_write_assign_fu_2692   |  1|   0|    1|          0|
    |output_75_write_assign_fu_2704   |  1|   0|    1|          0|
    |output_76_write_assign_fu_2716   |  1|   0|    1|          0|
    |output_77_write_assign_fu_2728   |  1|   0|    1|          0|
    |output_78_write_assign_fu_2740   |  1|   0|    1|          0|
    |output_79_write_assign_fu_2752   |  1|   0|    1|          0|
    |output_7_write_assign_fu_2964    |  1|   0|    1|          0|
    |output_80_write_assign_fu_2764   |  1|   0|    1|          0|
    |output_81_write_assign_fu_2776   |  1|   0|    1|          0|
    |output_82_write_assign_fu_2788   |  1|   0|    1|          0|
    |output_83_write_assign_fu_2800   |  1|   0|    1|          0|
    |output_84_write_assign_fu_2812   |  1|   0|    1|          0|
    |output_85_write_assign_fu_2820   |  1|   0|    1|          0|
    |output_86_write_assign_fu_2816   |  1|   0|    1|          0|
    |output_87_write_assign_fu_2808   |  1|   0|    1|          0|
    |output_88_write_assign_fu_2804   |  1|   0|    1|          0|
    |output_89_write_assign_fu_2796   |  1|   0|    1|          0|
    |output_8_write_assign_fu_2976    |  1|   0|    1|          0|
    |output_90_write_assign_fu_2792   |  1|   0|    1|          0|
    |output_91_write_assign_fu_2784   |  1|   0|    1|          0|
    |output_92_write_assign_fu_2780   |  1|   0|    1|          0|
    |output_93_write_assign_fu_2772   |  1|   0|    1|          0|
    |output_94_write_assign_fu_2768   |  1|   0|    1|          0|
    |output_95_write_assign_fu_2760   |  1|   0|    1|          0|
    |output_96_write_assign_fu_2756   |  1|   0|    1|          0|
    |output_97_write_assign_fu_2748   |  1|   0|    1|          0|
    |output_98_write_assign_fu_2744   |  1|   0|    1|          0|
    |output_99_write_assign_fu_2736   |  1|   0|    1|          0|
    |output_9_write_assign_fu_2988    |  1|   0|    1|          0|
    |shl_ln_reg_13548                 |  2|   0|    4|          2|
    |x_0_reg_3155                     |  3|   0|    3|          0|
    |x_reg_13556                      |  3|   0|    3|          0|
    |y_0_reg_3144                     |  3|   0|    3|          0|
    |y_reg_13538                      |  3|   0|    3|          0|
    |zext_ln133_2_reg_13543           |  3|   0|    6|          3|
    |zext_ln133_reg_13525             |  6|   0|    9|          3|
    |zext_ln134_reg_13530             |  6|   0|    7|          1|
    +---------------------------------+---+----+-----+-----------+
    |Total                            |567|   0|  576|          9|
    +---------------------------------+---+----+-----+-----------+



================================================================
== Interface
================================================================
* Summary: 
+------------------+-----+-----+------------+--------------+--------------+
|     RTL Ports    | Dir | Bits|  Protocol  | Source Object|    C Type    |
+------------------+-----+-----+------------+--------------+--------------+
|ap_clk            |  in |    1| ap_ctrl_hs |    flatten   | return value |
|ap_rst            |  in |    1| ap_ctrl_hs |    flatten   | return value |
|ap_start          |  in |    1| ap_ctrl_hs |    flatten   | return value |
|ap_done           | out |    1| ap_ctrl_hs |    flatten   | return value |
|ap_idle           | out |    1| ap_ctrl_hs |    flatten   | return value |
|ap_ready          | out |    1| ap_ctrl_hs |    flatten   | return value |
|ap_return_0       | out |    1| ap_ctrl_hs |    flatten   | return value |
|ap_return_1       | out |    1| ap_ctrl_hs |    flatten   | return value |
|ap_return_2       | out |    1| ap_ctrl_hs |    flatten   | return value |
|ap_return_3       | out |    1| ap_ctrl_hs |    flatten   | return value |
|ap_return_4       | out |    1| ap_ctrl_hs |    flatten   | return value |
|ap_return_5       | out |    1| ap_ctrl_hs |    flatten   | return value |
|ap_return_6       | out |    1| ap_ctrl_hs |    flatten   | return value |
|ap_return_7       | out |    1| ap_ctrl_hs |    flatten   | return value |
|ap_return_8       | out |    1| ap_ctrl_hs |    flatten   | return value |
|ap_return_9       | out |    1| ap_ctrl_hs |    flatten   | return value |
|ap_return_10      | out |    1| ap_ctrl_hs |    flatten   | return value |
|ap_return_11      | out |    1| ap_ctrl_hs |    flatten   | return value |
|ap_return_12      | out |    1| ap_ctrl_hs |    flatten   | return value |
|ap_return_13      | out |    1| ap_ctrl_hs |    flatten   | return value |
|ap_return_14      | out |    1| ap_ctrl_hs |    flatten   | return value |
|ap_return_15      | out |    1| ap_ctrl_hs |    flatten   | return value |
|ap_return_16      | out |    1| ap_ctrl_hs |    flatten   | return value |
|ap_return_17      | out |    1| ap_ctrl_hs |    flatten   | return value |
|ap_return_18      | out |    1| ap_ctrl_hs |    flatten   | return value |
|ap_return_19      | out |    1| ap_ctrl_hs |    flatten   | return value |
|ap_return_20      | out |    1| ap_ctrl_hs |    flatten   | return value |
|ap_return_21      | out |    1| ap_ctrl_hs |    flatten   | return value |
|ap_return_22      | out |    1| ap_ctrl_hs |    flatten   | return value |
|ap_return_23      | out |    1| ap_ctrl_hs |    flatten   | return value |
|ap_return_24      | out |    1| ap_ctrl_hs |    flatten   | return value |
|ap_return_25      | out |    1| ap_ctrl_hs |    flatten   | return value |
|ap_return_26      | out |    1| ap_ctrl_hs |    flatten   | return value |
|ap_return_27      | out |    1| ap_ctrl_hs |    flatten   | return value |
|ap_return_28      | out |    1| ap_ctrl_hs |    flatten   | return value |
|ap_return_29      | out |    1| ap_ctrl_hs |    flatten   | return value |
|ap_return_30      | out |    1| ap_ctrl_hs |    flatten   | return value |
|ap_return_31      | out |    1| ap_ctrl_hs |    flatten   | return value |
|ap_return_32      | out |    1| ap_ctrl_hs |    flatten   | return value |
|ap_return_33      | out |    1| ap_ctrl_hs |    flatten   | return value |
|ap_return_34      | out |    1| ap_ctrl_hs |    flatten   | return value |
|ap_return_35      | out |    1| ap_ctrl_hs |    flatten   | return value |
|ap_return_36      | out |    1| ap_ctrl_hs |    flatten   | return value |
|ap_return_37      | out |    1| ap_ctrl_hs |    flatten   | return value |
|ap_return_38      | out |    1| ap_ctrl_hs |    flatten   | return value |
|ap_return_39      | out |    1| ap_ctrl_hs |    flatten   | return value |
|ap_return_40      | out |    1| ap_ctrl_hs |    flatten   | return value |
|ap_return_41      | out |    1| ap_ctrl_hs |    flatten   | return value |
|ap_return_42      | out |    1| ap_ctrl_hs |    flatten   | return value |
|ap_return_43      | out |    1| ap_ctrl_hs |    flatten   | return value |
|ap_return_44      | out |    1| ap_ctrl_hs |    flatten   | return value |
|ap_return_45      | out |    1| ap_ctrl_hs |    flatten   | return value |
|ap_return_46      | out |    1| ap_ctrl_hs |    flatten   | return value |
|ap_return_47      | out |    1| ap_ctrl_hs |    flatten   | return value |
|ap_return_48      | out |    1| ap_ctrl_hs |    flatten   | return value |
|ap_return_49      | out |    1| ap_ctrl_hs |    flatten   | return value |
|ap_return_50      | out |    1| ap_ctrl_hs |    flatten   | return value |
|ap_return_51      | out |    1| ap_ctrl_hs |    flatten   | return value |
|ap_return_52      | out |    1| ap_ctrl_hs |    flatten   | return value |
|ap_return_53      | out |    1| ap_ctrl_hs |    flatten   | return value |
|ap_return_54      | out |    1| ap_ctrl_hs |    flatten   | return value |
|ap_return_55      | out |    1| ap_ctrl_hs |    flatten   | return value |
|ap_return_56      | out |    1| ap_ctrl_hs |    flatten   | return value |
|ap_return_57      | out |    1| ap_ctrl_hs |    flatten   | return value |
|ap_return_58      | out |    1| ap_ctrl_hs |    flatten   | return value |
|ap_return_59      | out |    1| ap_ctrl_hs |    flatten   | return value |
|ap_return_60      | out |    1| ap_ctrl_hs |    flatten   | return value |
|ap_return_61      | out |    1| ap_ctrl_hs |    flatten   | return value |
|ap_return_62      | out |    1| ap_ctrl_hs |    flatten   | return value |
|ap_return_63      | out |    1| ap_ctrl_hs |    flatten   | return value |
|ap_return_64      | out |    1| ap_ctrl_hs |    flatten   | return value |
|ap_return_65      | out |    1| ap_ctrl_hs |    flatten   | return value |
|ap_return_66      | out |    1| ap_ctrl_hs |    flatten   | return value |
|ap_return_67      | out |    1| ap_ctrl_hs |    flatten   | return value |
|ap_return_68      | out |    1| ap_ctrl_hs |    flatten   | return value |
|ap_return_69      | out |    1| ap_ctrl_hs |    flatten   | return value |
|ap_return_70      | out |    1| ap_ctrl_hs |    flatten   | return value |
|ap_return_71      | out |    1| ap_ctrl_hs |    flatten   | return value |
|ap_return_72      | out |    1| ap_ctrl_hs |    flatten   | return value |
|ap_return_73      | out |    1| ap_ctrl_hs |    flatten   | return value |
|ap_return_74      | out |    1| ap_ctrl_hs |    flatten   | return value |
|ap_return_75      | out |    1| ap_ctrl_hs |    flatten   | return value |
|ap_return_76      | out |    1| ap_ctrl_hs |    flatten   | return value |
|ap_return_77      | out |    1| ap_ctrl_hs |    flatten   | return value |
|ap_return_78      | out |    1| ap_ctrl_hs |    flatten   | return value |
|ap_return_79      | out |    1| ap_ctrl_hs |    flatten   | return value |
|ap_return_80      | out |    1| ap_ctrl_hs |    flatten   | return value |
|ap_return_81      | out |    1| ap_ctrl_hs |    flatten   | return value |
|ap_return_82      | out |    1| ap_ctrl_hs |    flatten   | return value |
|ap_return_83      | out |    1| ap_ctrl_hs |    flatten   | return value |
|ap_return_84      | out |    1| ap_ctrl_hs |    flatten   | return value |
|ap_return_85      | out |    1| ap_ctrl_hs |    flatten   | return value |
|ap_return_86      | out |    1| ap_ctrl_hs |    flatten   | return value |
|ap_return_87      | out |    1| ap_ctrl_hs |    flatten   | return value |
|ap_return_88      | out |    1| ap_ctrl_hs |    flatten   | return value |
|ap_return_89      | out |    1| ap_ctrl_hs |    flatten   | return value |
|ap_return_90      | out |    1| ap_ctrl_hs |    flatten   | return value |
|ap_return_91      | out |    1| ap_ctrl_hs |    flatten   | return value |
|ap_return_92      | out |    1| ap_ctrl_hs |    flatten   | return value |
|ap_return_93      | out |    1| ap_ctrl_hs |    flatten   | return value |
|ap_return_94      | out |    1| ap_ctrl_hs |    flatten   | return value |
|ap_return_95      | out |    1| ap_ctrl_hs |    flatten   | return value |
|ap_return_96      | out |    1| ap_ctrl_hs |    flatten   | return value |
|ap_return_97      | out |    1| ap_ctrl_hs |    flatten   | return value |
|ap_return_98      | out |    1| ap_ctrl_hs |    flatten   | return value |
|ap_return_99      | out |    1| ap_ctrl_hs |    flatten   | return value |
|ap_return_100     | out |    1| ap_ctrl_hs |    flatten   | return value |
|ap_return_101     | out |    1| ap_ctrl_hs |    flatten   | return value |
|ap_return_102     | out |    1| ap_ctrl_hs |    flatten   | return value |
|ap_return_103     | out |    1| ap_ctrl_hs |    flatten   | return value |
|ap_return_104     | out |    1| ap_ctrl_hs |    flatten   | return value |
|ap_return_105     | out |    1| ap_ctrl_hs |    flatten   | return value |
|ap_return_106     | out |    1| ap_ctrl_hs |    flatten   | return value |
|ap_return_107     | out |    1| ap_ctrl_hs |    flatten   | return value |
|ap_return_108     | out |    1| ap_ctrl_hs |    flatten   | return value |
|ap_return_109     | out |    1| ap_ctrl_hs |    flatten   | return value |
|ap_return_110     | out |    1| ap_ctrl_hs |    flatten   | return value |
|ap_return_111     | out |    1| ap_ctrl_hs |    flatten   | return value |
|ap_return_112     | out |    1| ap_ctrl_hs |    flatten   | return value |
|ap_return_113     | out |    1| ap_ctrl_hs |    flatten   | return value |
|ap_return_114     | out |    1| ap_ctrl_hs |    flatten   | return value |
|ap_return_115     | out |    1| ap_ctrl_hs |    flatten   | return value |
|ap_return_116     | out |    1| ap_ctrl_hs |    flatten   | return value |
|ap_return_117     | out |    1| ap_ctrl_hs |    flatten   | return value |
|ap_return_118     | out |    1| ap_ctrl_hs |    flatten   | return value |
|ap_return_119     | out |    1| ap_ctrl_hs |    flatten   | return value |
|ap_return_120     | out |    1| ap_ctrl_hs |    flatten   | return value |
|ap_return_121     | out |    1| ap_ctrl_hs |    flatten   | return value |
|ap_return_122     | out |    1| ap_ctrl_hs |    flatten   | return value |
|ap_return_123     | out |    1| ap_ctrl_hs |    flatten   | return value |
|ap_return_124     | out |    1| ap_ctrl_hs |    flatten   | return value |
|ap_return_125     | out |    1| ap_ctrl_hs |    flatten   | return value |
|ap_return_126     | out |    1| ap_ctrl_hs |    flatten   | return value |
|ap_return_127     | out |    1| ap_ctrl_hs |    flatten   | return value |
|ap_return_128     | out |    1| ap_ctrl_hs |    flatten   | return value |
|ap_return_129     | out |    1| ap_ctrl_hs |    flatten   | return value |
|ap_return_130     | out |    1| ap_ctrl_hs |    flatten   | return value |
|ap_return_131     | out |    1| ap_ctrl_hs |    flatten   | return value |
|ap_return_132     | out |    1| ap_ctrl_hs |    flatten   | return value |
|ap_return_133     | out |    1| ap_ctrl_hs |    flatten   | return value |
|ap_return_134     | out |    1| ap_ctrl_hs |    flatten   | return value |
|ap_return_135     | out |    1| ap_ctrl_hs |    flatten   | return value |
|ap_return_136     | out |    1| ap_ctrl_hs |    flatten   | return value |
|ap_return_137     | out |    1| ap_ctrl_hs |    flatten   | return value |
|ap_return_138     | out |    1| ap_ctrl_hs |    flatten   | return value |
|ap_return_139     | out |    1| ap_ctrl_hs |    flatten   | return value |
|ap_return_140     | out |    1| ap_ctrl_hs |    flatten   | return value |
|ap_return_141     | out |    1| ap_ctrl_hs |    flatten   | return value |
|ap_return_142     | out |    1| ap_ctrl_hs |    flatten   | return value |
|ap_return_143     | out |    1| ap_ctrl_hs |    flatten   | return value |
|ap_return_144     | out |    1| ap_ctrl_hs |    flatten   | return value |
|ap_return_145     | out |    1| ap_ctrl_hs |    flatten   | return value |
|ap_return_146     | out |    1| ap_ctrl_hs |    flatten   | return value |
|ap_return_147     | out |    1| ap_ctrl_hs |    flatten   | return value |
|ap_return_148     | out |    1| ap_ctrl_hs |    flatten   | return value |
|ap_return_149     | out |    1| ap_ctrl_hs |    flatten   | return value |
|ap_return_150     | out |    1| ap_ctrl_hs |    flatten   | return value |
|ap_return_151     | out |    1| ap_ctrl_hs |    flatten   | return value |
|ap_return_152     | out |    1| ap_ctrl_hs |    flatten   | return value |
|ap_return_153     | out |    1| ap_ctrl_hs |    flatten   | return value |
|ap_return_154     | out |    1| ap_ctrl_hs |    flatten   | return value |
|ap_return_155     | out |    1| ap_ctrl_hs |    flatten   | return value |
|ap_return_156     | out |    1| ap_ctrl_hs |    flatten   | return value |
|ap_return_157     | out |    1| ap_ctrl_hs |    flatten   | return value |
|ap_return_158     | out |    1| ap_ctrl_hs |    flatten   | return value |
|ap_return_159     | out |    1| ap_ctrl_hs |    flatten   | return value |
|ap_return_160     | out |    1| ap_ctrl_hs |    flatten   | return value |
|ap_return_161     | out |    1| ap_ctrl_hs |    flatten   | return value |
|ap_return_162     | out |    1| ap_ctrl_hs |    flatten   | return value |
|ap_return_163     | out |    1| ap_ctrl_hs |    flatten   | return value |
|ap_return_164     | out |    1| ap_ctrl_hs |    flatten   | return value |
|ap_return_165     | out |    1| ap_ctrl_hs |    flatten   | return value |
|ap_return_166     | out |    1| ap_ctrl_hs |    flatten   | return value |
|ap_return_167     | out |    1| ap_ctrl_hs |    flatten   | return value |
|ap_return_168     | out |    1| ap_ctrl_hs |    flatten   | return value |
|ap_return_169     | out |    1| ap_ctrl_hs |    flatten   | return value |
|ap_return_170     | out |    1| ap_ctrl_hs |    flatten   | return value |
|ap_return_171     | out |    1| ap_ctrl_hs |    flatten   | return value |
|ap_return_172     | out |    1| ap_ctrl_hs |    flatten   | return value |
|ap_return_173     | out |    1| ap_ctrl_hs |    flatten   | return value |
|ap_return_174     | out |    1| ap_ctrl_hs |    flatten   | return value |
|ap_return_175     | out |    1| ap_ctrl_hs |    flatten   | return value |
|ap_return_176     | out |    1| ap_ctrl_hs |    flatten   | return value |
|ap_return_177     | out |    1| ap_ctrl_hs |    flatten   | return value |
|ap_return_178     | out |    1| ap_ctrl_hs |    flatten   | return value |
|ap_return_179     | out |    1| ap_ctrl_hs |    flatten   | return value |
|ap_return_180     | out |    1| ap_ctrl_hs |    flatten   | return value |
|ap_return_181     | out |    1| ap_ctrl_hs |    flatten   | return value |
|ap_return_182     | out |    1| ap_ctrl_hs |    flatten   | return value |
|ap_return_183     | out |    1| ap_ctrl_hs |    flatten   | return value |
|ap_return_184     | out |    1| ap_ctrl_hs |    flatten   | return value |
|ap_return_185     | out |    1| ap_ctrl_hs |    flatten   | return value |
|ap_return_186     | out |    1| ap_ctrl_hs |    flatten   | return value |
|ap_return_187     | out |    1| ap_ctrl_hs |    flatten   | return value |
|ap_return_188     | out |    1| ap_ctrl_hs |    flatten   | return value |
|ap_return_189     | out |    1| ap_ctrl_hs |    flatten   | return value |
|ap_return_190     | out |    1| ap_ctrl_hs |    flatten   | return value |
|ap_return_191     | out |    1| ap_ctrl_hs |    flatten   | return value |
|ap_return_192     | out |    1| ap_ctrl_hs |    flatten   | return value |
|ap_return_193     | out |    1| ap_ctrl_hs |    flatten   | return value |
|ap_return_194     | out |    1| ap_ctrl_hs |    flatten   | return value |
|ap_return_195     | out |    1| ap_ctrl_hs |    flatten   | return value |
|ap_return_196     | out |    1| ap_ctrl_hs |    flatten   | return value |
|ap_return_197     | out |    1| ap_ctrl_hs |    flatten   | return value |
|ap_return_198     | out |    1| ap_ctrl_hs |    flatten   | return value |
|ap_return_199     | out |    1| ap_ctrl_hs |    flatten   | return value |
|ap_return_200     | out |    1| ap_ctrl_hs |    flatten   | return value |
|ap_return_201     | out |    1| ap_ctrl_hs |    flatten   | return value |
|ap_return_202     | out |    1| ap_ctrl_hs |    flatten   | return value |
|ap_return_203     | out |    1| ap_ctrl_hs |    flatten   | return value |
|ap_return_204     | out |    1| ap_ctrl_hs |    flatten   | return value |
|ap_return_205     | out |    1| ap_ctrl_hs |    flatten   | return value |
|ap_return_206     | out |    1| ap_ctrl_hs |    flatten   | return value |
|ap_return_207     | out |    1| ap_ctrl_hs |    flatten   | return value |
|ap_return_208     | out |    1| ap_ctrl_hs |    flatten   | return value |
|ap_return_209     | out |    1| ap_ctrl_hs |    flatten   | return value |
|ap_return_210     | out |    1| ap_ctrl_hs |    flatten   | return value |
|ap_return_211     | out |    1| ap_ctrl_hs |    flatten   | return value |
|ap_return_212     | out |    1| ap_ctrl_hs |    flatten   | return value |
|ap_return_213     | out |    1| ap_ctrl_hs |    flatten   | return value |
|ap_return_214     | out |    1| ap_ctrl_hs |    flatten   | return value |
|ap_return_215     | out |    1| ap_ctrl_hs |    flatten   | return value |
|ap_return_216     | out |    1| ap_ctrl_hs |    flatten   | return value |
|ap_return_217     | out |    1| ap_ctrl_hs |    flatten   | return value |
|ap_return_218     | out |    1| ap_ctrl_hs |    flatten   | return value |
|ap_return_219     | out |    1| ap_ctrl_hs |    flatten   | return value |
|ap_return_220     | out |    1| ap_ctrl_hs |    flatten   | return value |
|ap_return_221     | out |    1| ap_ctrl_hs |    flatten   | return value |
|ap_return_222     | out |    1| ap_ctrl_hs |    flatten   | return value |
|ap_return_223     | out |    1| ap_ctrl_hs |    flatten   | return value |
|ap_return_224     | out |    1| ap_ctrl_hs |    flatten   | return value |
|ap_return_225     | out |    1| ap_ctrl_hs |    flatten   | return value |
|ap_return_226     | out |    1| ap_ctrl_hs |    flatten   | return value |
|ap_return_227     | out |    1| ap_ctrl_hs |    flatten   | return value |
|ap_return_228     | out |    1| ap_ctrl_hs |    flatten   | return value |
|ap_return_229     | out |    1| ap_ctrl_hs |    flatten   | return value |
|ap_return_230     | out |    1| ap_ctrl_hs |    flatten   | return value |
|ap_return_231     | out |    1| ap_ctrl_hs |    flatten   | return value |
|ap_return_232     | out |    1| ap_ctrl_hs |    flatten   | return value |
|ap_return_233     | out |    1| ap_ctrl_hs |    flatten   | return value |
|ap_return_234     | out |    1| ap_ctrl_hs |    flatten   | return value |
|ap_return_235     | out |    1| ap_ctrl_hs |    flatten   | return value |
|ap_return_236     | out |    1| ap_ctrl_hs |    flatten   | return value |
|ap_return_237     | out |    1| ap_ctrl_hs |    flatten   | return value |
|ap_return_238     | out |    1| ap_ctrl_hs |    flatten   | return value |
|ap_return_239     | out |    1| ap_ctrl_hs |    flatten   | return value |
|ap_return_240     | out |    1| ap_ctrl_hs |    flatten   | return value |
|ap_return_241     | out |    1| ap_ctrl_hs |    flatten   | return value |
|ap_return_242     | out |    1| ap_ctrl_hs |    flatten   | return value |
|ap_return_243     | out |    1| ap_ctrl_hs |    flatten   | return value |
|ap_return_244     | out |    1| ap_ctrl_hs |    flatten   | return value |
|ap_return_245     | out |    1| ap_ctrl_hs |    flatten   | return value |
|ap_return_246     | out |    1| ap_ctrl_hs |    flatten   | return value |
|ap_return_247     | out |    1| ap_ctrl_hs |    flatten   | return value |
|ap_return_248     | out |    1| ap_ctrl_hs |    flatten   | return value |
|ap_return_249     | out |    1| ap_ctrl_hs |    flatten   | return value |
|ap_return_250     | out |    1| ap_ctrl_hs |    flatten   | return value |
|ap_return_251     | out |    1| ap_ctrl_hs |    flatten   | return value |
|ap_return_252     | out |    1| ap_ctrl_hs |    flatten   | return value |
|ap_return_253     | out |    1| ap_ctrl_hs |    flatten   | return value |
|ap_return_254     | out |    1| ap_ctrl_hs |    flatten   | return value |
|ap_return_255     | out |    1| ap_ctrl_hs |    flatten   | return value |
|ap_return_256     | out |    1| ap_ctrl_hs |    flatten   | return value |
|ap_return_257     | out |    1| ap_ctrl_hs |    flatten   | return value |
|ap_return_258     | out |    1| ap_ctrl_hs |    flatten   | return value |
|ap_return_259     | out |    1| ap_ctrl_hs |    flatten   | return value |
|ap_return_260     | out |    1| ap_ctrl_hs |    flatten   | return value |
|ap_return_261     | out |    1| ap_ctrl_hs |    flatten   | return value |
|ap_return_262     | out |    1| ap_ctrl_hs |    flatten   | return value |
|ap_return_263     | out |    1| ap_ctrl_hs |    flatten   | return value |
|ap_return_264     | out |    1| ap_ctrl_hs |    flatten   | return value |
|ap_return_265     | out |    1| ap_ctrl_hs |    flatten   | return value |
|ap_return_266     | out |    1| ap_ctrl_hs |    flatten   | return value |
|ap_return_267     | out |    1| ap_ctrl_hs |    flatten   | return value |
|ap_return_268     | out |    1| ap_ctrl_hs |    flatten   | return value |
|ap_return_269     | out |    1| ap_ctrl_hs |    flatten   | return value |
|ap_return_270     | out |    1| ap_ctrl_hs |    flatten   | return value |
|ap_return_271     | out |    1| ap_ctrl_hs |    flatten   | return value |
|ap_return_272     | out |    1| ap_ctrl_hs |    flatten   | return value |
|ap_return_273     | out |    1| ap_ctrl_hs |    flatten   | return value |
|ap_return_274     | out |    1| ap_ctrl_hs |    flatten   | return value |
|ap_return_275     | out |    1| ap_ctrl_hs |    flatten   | return value |
|ap_return_276     | out |    1| ap_ctrl_hs |    flatten   | return value |
|ap_return_277     | out |    1| ap_ctrl_hs |    flatten   | return value |
|ap_return_278     | out |    1| ap_ctrl_hs |    flatten   | return value |
|ap_return_279     | out |    1| ap_ctrl_hs |    flatten   | return value |
|ap_return_280     | out |    1| ap_ctrl_hs |    flatten   | return value |
|ap_return_281     | out |    1| ap_ctrl_hs |    flatten   | return value |
|ap_return_282     | out |    1| ap_ctrl_hs |    flatten   | return value |
|ap_return_283     | out |    1| ap_ctrl_hs |    flatten   | return value |
|ap_return_284     | out |    1| ap_ctrl_hs |    flatten   | return value |
|ap_return_285     | out |    1| ap_ctrl_hs |    flatten   | return value |
|ap_return_286     | out |    1| ap_ctrl_hs |    flatten   | return value |
|ap_return_287     | out |    1| ap_ctrl_hs |    flatten   | return value |
|ap_return_288     | out |    1| ap_ctrl_hs |    flatten   | return value |
|ap_return_289     | out |    1| ap_ctrl_hs |    flatten   | return value |
|ap_return_290     | out |    1| ap_ctrl_hs |    flatten   | return value |
|ap_return_291     | out |    1| ap_ctrl_hs |    flatten   | return value |
|ap_return_292     | out |    1| ap_ctrl_hs |    flatten   | return value |
|ap_return_293     | out |    1| ap_ctrl_hs |    flatten   | return value |
|ap_return_294     | out |    1| ap_ctrl_hs |    flatten   | return value |
|ap_return_295     | out |    1| ap_ctrl_hs |    flatten   | return value |
|ap_return_296     | out |    1| ap_ctrl_hs |    flatten   | return value |
|ap_return_297     | out |    1| ap_ctrl_hs |    flatten   | return value |
|ap_return_298     | out |    1| ap_ctrl_hs |    flatten   | return value |
|ap_return_299     | out |    1| ap_ctrl_hs |    flatten   | return value |
|ap_return_300     | out |    1| ap_ctrl_hs |    flatten   | return value |
|ap_return_301     | out |    1| ap_ctrl_hs |    flatten   | return value |
|ap_return_302     | out |    1| ap_ctrl_hs |    flatten   | return value |
|ap_return_303     | out |    1| ap_ctrl_hs |    flatten   | return value |
|ap_return_304     | out |    1| ap_ctrl_hs |    flatten   | return value |
|ap_return_305     | out |    1| ap_ctrl_hs |    flatten   | return value |
|ap_return_306     | out |    1| ap_ctrl_hs |    flatten   | return value |
|ap_return_307     | out |    1| ap_ctrl_hs |    flatten   | return value |
|ap_return_308     | out |    1| ap_ctrl_hs |    flatten   | return value |
|ap_return_309     | out |    1| ap_ctrl_hs |    flatten   | return value |
|ap_return_310     | out |    1| ap_ctrl_hs |    flatten   | return value |
|ap_return_311     | out |    1| ap_ctrl_hs |    flatten   | return value |
|ap_return_312     | out |    1| ap_ctrl_hs |    flatten   | return value |
|ap_return_313     | out |    1| ap_ctrl_hs |    flatten   | return value |
|ap_return_314     | out |    1| ap_ctrl_hs |    flatten   | return value |
|ap_return_315     | out |    1| ap_ctrl_hs |    flatten   | return value |
|ap_return_316     | out |    1| ap_ctrl_hs |    flatten   | return value |
|ap_return_317     | out |    1| ap_ctrl_hs |    flatten   | return value |
|ap_return_318     | out |    1| ap_ctrl_hs |    flatten   | return value |
|ap_return_319     | out |    1| ap_ctrl_hs |    flatten   | return value |
|ap_return_320     | out |    1| ap_ctrl_hs |    flatten   | return value |
|ap_return_321     | out |    1| ap_ctrl_hs |    flatten   | return value |
|ap_return_322     | out |    1| ap_ctrl_hs |    flatten   | return value |
|ap_return_323     | out |    1| ap_ctrl_hs |    flatten   | return value |
|ap_return_324     | out |    1| ap_ctrl_hs |    flatten   | return value |
|ap_return_325     | out |    1| ap_ctrl_hs |    flatten   | return value |
|ap_return_326     | out |    1| ap_ctrl_hs |    flatten   | return value |
|ap_return_327     | out |    1| ap_ctrl_hs |    flatten   | return value |
|ap_return_328     | out |    1| ap_ctrl_hs |    flatten   | return value |
|ap_return_329     | out |    1| ap_ctrl_hs |    flatten   | return value |
|ap_return_330     | out |    1| ap_ctrl_hs |    flatten   | return value |
|ap_return_331     | out |    1| ap_ctrl_hs |    flatten   | return value |
|ap_return_332     | out |    1| ap_ctrl_hs |    flatten   | return value |
|ap_return_333     | out |    1| ap_ctrl_hs |    flatten   | return value |
|ap_return_334     | out |    1| ap_ctrl_hs |    flatten   | return value |
|ap_return_335     | out |    1| ap_ctrl_hs |    flatten   | return value |
|ap_return_336     | out |    1| ap_ctrl_hs |    flatten   | return value |
|ap_return_337     | out |    1| ap_ctrl_hs |    flatten   | return value |
|ap_return_338     | out |    1| ap_ctrl_hs |    flatten   | return value |
|ap_return_339     | out |    1| ap_ctrl_hs |    flatten   | return value |
|ap_return_340     | out |    1| ap_ctrl_hs |    flatten   | return value |
|ap_return_341     | out |    1| ap_ctrl_hs |    flatten   | return value |
|ap_return_342     | out |    1| ap_ctrl_hs |    flatten   | return value |
|ap_return_343     | out |    1| ap_ctrl_hs |    flatten   | return value |
|ap_return_344     | out |    1| ap_ctrl_hs |    flatten   | return value |
|ap_return_345     | out |    1| ap_ctrl_hs |    flatten   | return value |
|ap_return_346     | out |    1| ap_ctrl_hs |    flatten   | return value |
|ap_return_347     | out |    1| ap_ctrl_hs |    flatten   | return value |
|ap_return_348     | out |    1| ap_ctrl_hs |    flatten   | return value |
|ap_return_349     | out |    1| ap_ctrl_hs |    flatten   | return value |
|ap_return_350     | out |    1| ap_ctrl_hs |    flatten   | return value |
|ap_return_351     | out |    1| ap_ctrl_hs |    flatten   | return value |
|ap_return_352     | out |    1| ap_ctrl_hs |    flatten   | return value |
|ap_return_353     | out |    1| ap_ctrl_hs |    flatten   | return value |
|ap_return_354     | out |    1| ap_ctrl_hs |    flatten   | return value |
|ap_return_355     | out |    1| ap_ctrl_hs |    flatten   | return value |
|ap_return_356     | out |    1| ap_ctrl_hs |    flatten   | return value |
|ap_return_357     | out |    1| ap_ctrl_hs |    flatten   | return value |
|ap_return_358     | out |    1| ap_ctrl_hs |    flatten   | return value |
|ap_return_359     | out |    1| ap_ctrl_hs |    flatten   | return value |
|ap_return_360     | out |    1| ap_ctrl_hs |    flatten   | return value |
|ap_return_361     | out |    1| ap_ctrl_hs |    flatten   | return value |
|ap_return_362     | out |    1| ap_ctrl_hs |    flatten   | return value |
|ap_return_363     | out |    1| ap_ctrl_hs |    flatten   | return value |
|ap_return_364     | out |    1| ap_ctrl_hs |    flatten   | return value |
|ap_return_365     | out |    1| ap_ctrl_hs |    flatten   | return value |
|ap_return_366     | out |    1| ap_ctrl_hs |    flatten   | return value |
|ap_return_367     | out |    1| ap_ctrl_hs |    flatten   | return value |
|ap_return_368     | out |    1| ap_ctrl_hs |    flatten   | return value |
|ap_return_369     | out |    1| ap_ctrl_hs |    flatten   | return value |
|ap_return_370     | out |    1| ap_ctrl_hs |    flatten   | return value |
|ap_return_371     | out |    1| ap_ctrl_hs |    flatten   | return value |
|ap_return_372     | out |    1| ap_ctrl_hs |    flatten   | return value |
|ap_return_373     | out |    1| ap_ctrl_hs |    flatten   | return value |
|ap_return_374     | out |    1| ap_ctrl_hs |    flatten   | return value |
|ap_return_375     | out |    1| ap_ctrl_hs |    flatten   | return value |
|ap_return_376     | out |    1| ap_ctrl_hs |    flatten   | return value |
|ap_return_377     | out |    1| ap_ctrl_hs |    flatten   | return value |
|ap_return_378     | out |    1| ap_ctrl_hs |    flatten   | return value |
|ap_return_379     | out |    1| ap_ctrl_hs |    flatten   | return value |
|ap_return_380     | out |    1| ap_ctrl_hs |    flatten   | return value |
|ap_return_381     | out |    1| ap_ctrl_hs |    flatten   | return value |
|ap_return_382     | out |    1| ap_ctrl_hs |    flatten   | return value |
|ap_return_383     | out |    1| ap_ctrl_hs |    flatten   | return value |
|ap_return_384     | out |    1| ap_ctrl_hs |    flatten   | return value |
|ap_return_385     | out |    1| ap_ctrl_hs |    flatten   | return value |
|ap_return_386     | out |    1| ap_ctrl_hs |    flatten   | return value |
|ap_return_387     | out |    1| ap_ctrl_hs |    flatten   | return value |
|ap_return_388     | out |    1| ap_ctrl_hs |    flatten   | return value |
|ap_return_389     | out |    1| ap_ctrl_hs |    flatten   | return value |
|ap_return_390     | out |    1| ap_ctrl_hs |    flatten   | return value |
|ap_return_391     | out |    1| ap_ctrl_hs |    flatten   | return value |
|ap_return_392     | out |    1| ap_ctrl_hs |    flatten   | return value |
|ap_return_393     | out |    1| ap_ctrl_hs |    flatten   | return value |
|ap_return_394     | out |    1| ap_ctrl_hs |    flatten   | return value |
|ap_return_395     | out |    1| ap_ctrl_hs |    flatten   | return value |
|ap_return_396     | out |    1| ap_ctrl_hs |    flatten   | return value |
|ap_return_397     | out |    1| ap_ctrl_hs |    flatten   | return value |
|ap_return_398     | out |    1| ap_ctrl_hs |    flatten   | return value |
|ap_return_399     | out |    1| ap_ctrl_hs |    flatten   | return value |
|ap_return_400     | out |    1| ap_ctrl_hs |    flatten   | return value |
|ap_return_401     | out |    1| ap_ctrl_hs |    flatten   | return value |
|ap_return_402     | out |    1| ap_ctrl_hs |    flatten   | return value |
|ap_return_403     | out |    1| ap_ctrl_hs |    flatten   | return value |
|ap_return_404     | out |    1| ap_ctrl_hs |    flatten   | return value |
|ap_return_405     | out |    1| ap_ctrl_hs |    flatten   | return value |
|ap_return_406     | out |    1| ap_ctrl_hs |    flatten   | return value |
|ap_return_407     | out |    1| ap_ctrl_hs |    flatten   | return value |
|ap_return_408     | out |    1| ap_ctrl_hs |    flatten   | return value |
|ap_return_409     | out |    1| ap_ctrl_hs |    flatten   | return value |
|ap_return_410     | out |    1| ap_ctrl_hs |    flatten   | return value |
|ap_return_411     | out |    1| ap_ctrl_hs |    flatten   | return value |
|ap_return_412     | out |    1| ap_ctrl_hs |    flatten   | return value |
|ap_return_413     | out |    1| ap_ctrl_hs |    flatten   | return value |
|ap_return_414     | out |    1| ap_ctrl_hs |    flatten   | return value |
|ap_return_415     | out |    1| ap_ctrl_hs |    flatten   | return value |
|ap_return_416     | out |    1| ap_ctrl_hs |    flatten   | return value |
|ap_return_417     | out |    1| ap_ctrl_hs |    flatten   | return value |
|ap_return_418     | out |    1| ap_ctrl_hs |    flatten   | return value |
|ap_return_419     | out |    1| ap_ctrl_hs |    flatten   | return value |
|ap_return_420     | out |    1| ap_ctrl_hs |    flatten   | return value |
|ap_return_421     | out |    1| ap_ctrl_hs |    flatten   | return value |
|ap_return_422     | out |    1| ap_ctrl_hs |    flatten   | return value |
|ap_return_423     | out |    1| ap_ctrl_hs |    flatten   | return value |
|ap_return_424     | out |    1| ap_ctrl_hs |    flatten   | return value |
|ap_return_425     | out |    1| ap_ctrl_hs |    flatten   | return value |
|ap_return_426     | out |    1| ap_ctrl_hs |    flatten   | return value |
|ap_return_427     | out |    1| ap_ctrl_hs |    flatten   | return value |
|ap_return_428     | out |    1| ap_ctrl_hs |    flatten   | return value |
|ap_return_429     | out |    1| ap_ctrl_hs |    flatten   | return value |
|ap_return_430     | out |    1| ap_ctrl_hs |    flatten   | return value |
|ap_return_431     | out |    1| ap_ctrl_hs |    flatten   | return value |
|ap_return_432     | out |    1| ap_ctrl_hs |    flatten   | return value |
|ap_return_433     | out |    1| ap_ctrl_hs |    flatten   | return value |
|ap_return_434     | out |    1| ap_ctrl_hs |    flatten   | return value |
|ap_return_435     | out |    1| ap_ctrl_hs |    flatten   | return value |
|ap_return_436     | out |    1| ap_ctrl_hs |    flatten   | return value |
|ap_return_437     | out |    1| ap_ctrl_hs |    flatten   | return value |
|ap_return_438     | out |    1| ap_ctrl_hs |    flatten   | return value |
|ap_return_439     | out |    1| ap_ctrl_hs |    flatten   | return value |
|ap_return_440     | out |    1| ap_ctrl_hs |    flatten   | return value |
|ap_return_441     | out |    1| ap_ctrl_hs |    flatten   | return value |
|ap_return_442     | out |    1| ap_ctrl_hs |    flatten   | return value |
|ap_return_443     | out |    1| ap_ctrl_hs |    flatten   | return value |
|ap_return_444     | out |    1| ap_ctrl_hs |    flatten   | return value |
|ap_return_445     | out |    1| ap_ctrl_hs |    flatten   | return value |
|ap_return_446     | out |    1| ap_ctrl_hs |    flatten   | return value |
|ap_return_447     | out |    1| ap_ctrl_hs |    flatten   | return value |
|ap_return_448     | out |    1| ap_ctrl_hs |    flatten   | return value |
|ap_return_449     | out |    1| ap_ctrl_hs |    flatten   | return value |
|ap_return_450     | out |    1| ap_ctrl_hs |    flatten   | return value |
|ap_return_451     | out |    1| ap_ctrl_hs |    flatten   | return value |
|ap_return_452     | out |    1| ap_ctrl_hs |    flatten   | return value |
|ap_return_453     | out |    1| ap_ctrl_hs |    flatten   | return value |
|ap_return_454     | out |    1| ap_ctrl_hs |    flatten   | return value |
|ap_return_455     | out |    1| ap_ctrl_hs |    flatten   | return value |
|ap_return_456     | out |    1| ap_ctrl_hs |    flatten   | return value |
|ap_return_457     | out |    1| ap_ctrl_hs |    flatten   | return value |
|ap_return_458     | out |    1| ap_ctrl_hs |    flatten   | return value |
|ap_return_459     | out |    1| ap_ctrl_hs |    flatten   | return value |
|ap_return_460     | out |    1| ap_ctrl_hs |    flatten   | return value |
|ap_return_461     | out |    1| ap_ctrl_hs |    flatten   | return value |
|ap_return_462     | out |    1| ap_ctrl_hs |    flatten   | return value |
|ap_return_463     | out |    1| ap_ctrl_hs |    flatten   | return value |
|ap_return_464     | out |    1| ap_ctrl_hs |    flatten   | return value |
|ap_return_465     | out |    1| ap_ctrl_hs |    flatten   | return value |
|ap_return_466     | out |    1| ap_ctrl_hs |    flatten   | return value |
|ap_return_467     | out |    1| ap_ctrl_hs |    flatten   | return value |
|ap_return_468     | out |    1| ap_ctrl_hs |    flatten   | return value |
|ap_return_469     | out |    1| ap_ctrl_hs |    flatten   | return value |
|ap_return_470     | out |    1| ap_ctrl_hs |    flatten   | return value |
|ap_return_471     | out |    1| ap_ctrl_hs |    flatten   | return value |
|ap_return_472     | out |    1| ap_ctrl_hs |    flatten   | return value |
|ap_return_473     | out |    1| ap_ctrl_hs |    flatten   | return value |
|ap_return_474     | out |    1| ap_ctrl_hs |    flatten   | return value |
|ap_return_475     | out |    1| ap_ctrl_hs |    flatten   | return value |
|ap_return_476     | out |    1| ap_ctrl_hs |    flatten   | return value |
|ap_return_477     | out |    1| ap_ctrl_hs |    flatten   | return value |
|ap_return_478     | out |    1| ap_ctrl_hs |    flatten   | return value |
|ap_return_479     | out |    1| ap_ctrl_hs |    flatten   | return value |
|ap_return_480     | out |    1| ap_ctrl_hs |    flatten   | return value |
|ap_return_481     | out |    1| ap_ctrl_hs |    flatten   | return value |
|ap_return_482     | out |    1| ap_ctrl_hs |    flatten   | return value |
|ap_return_483     | out |    1| ap_ctrl_hs |    flatten   | return value |
|ap_return_484     | out |    1| ap_ctrl_hs |    flatten   | return value |
|ap_return_485     | out |    1| ap_ctrl_hs |    flatten   | return value |
|ap_return_486     | out |    1| ap_ctrl_hs |    flatten   | return value |
|ap_return_487     | out |    1| ap_ctrl_hs |    flatten   | return value |
|ap_return_488     | out |    1| ap_ctrl_hs |    flatten   | return value |
|ap_return_489     | out |    1| ap_ctrl_hs |    flatten   | return value |
|ap_return_490     | out |    1| ap_ctrl_hs |    flatten   | return value |
|ap_return_491     | out |    1| ap_ctrl_hs |    flatten   | return value |
|ap_return_492     | out |    1| ap_ctrl_hs |    flatten   | return value |
|ap_return_493     | out |    1| ap_ctrl_hs |    flatten   | return value |
|ap_return_494     | out |    1| ap_ctrl_hs |    flatten   | return value |
|ap_return_495     | out |    1| ap_ctrl_hs |    flatten   | return value |
|ap_return_496     | out |    1| ap_ctrl_hs |    flatten   | return value |
|ap_return_497     | out |    1| ap_ctrl_hs |    flatten   | return value |
|ap_return_498     | out |    1| ap_ctrl_hs |    flatten   | return value |
|ap_return_499     | out |    1| ap_ctrl_hs |    flatten   | return value |
|ap_return_500     | out |    1| ap_ctrl_hs |    flatten   | return value |
|ap_return_501     | out |    1| ap_ctrl_hs |    flatten   | return value |
|ap_return_502     | out |    1| ap_ctrl_hs |    flatten   | return value |
|ap_return_503     | out |    1| ap_ctrl_hs |    flatten   | return value |
|ap_return_504     | out |    1| ap_ctrl_hs |    flatten   | return value |
|ap_return_505     | out |    1| ap_ctrl_hs |    flatten   | return value |
|ap_return_506     | out |    1| ap_ctrl_hs |    flatten   | return value |
|ap_return_507     | out |    1| ap_ctrl_hs |    flatten   | return value |
|ap_return_508     | out |    1| ap_ctrl_hs |    flatten   | return value |
|ap_return_509     | out |    1| ap_ctrl_hs |    flatten   | return value |
|ap_return_510     | out |    1| ap_ctrl_hs |    flatten   | return value |
|ap_return_511     | out |    1| ap_ctrl_hs |    flatten   | return value |
|input_r_address0  | out |    4|  ap_memory |    input_r   |     array    |
|input_r_ce0       | out |    1|  ap_memory |    input_r   |     array    |
|input_r_q0        |  in |   32|  ap_memory |    input_r   |     array    |
+------------------+-----+-----+------------+--------------+--------------+

