

================================================================
== Vivado HLS Report for 'pad_16_8_s'
================================================================
* Date:           Sun Oct 29 21:11:02 2023

* Version:        2019.2.1 (Build 2724168 on Thu Dec 05 05:19:09 MST 2019)
* Project:        bnn_reshape.prj
* Solution:       solution1
* Product family: zynq
* Target device:  xc7z020-clg484-1


================================================================
== Performance Estimates
================================================================
+ Timing: 
    * Summary: 
    +--------+----------+----------+------------+
    |  Clock |  Target  | Estimated| Uncertainty|
    +--------+----------+----------+------------+
    |ap_clk  | 10.00 ns | 8.658 ns |   1.25 ns  |
    +--------+----------+----------+------------+

+ Latency: 
    * Summary: 
    +---------+---------+-----------+-----------+------+------+---------+
    |  Latency (cycles) |   Latency (absolute)  |   Interval  | Pipeline|
    |   min   |   max   |    min    |    max    |  min |  max |   Type  |
    +---------+---------+-----------+-----------+------+------+---------+
    |     2337|     2337| 23.370 us | 23.370 us |  2337|  2337|   none  |
    +---------+---------+-----------+-----------+------+------+---------+

    + Detail: 
        * Instance: 
        N/A

        * Loop: 
        +-----------------+---------+---------+----------+-----------+-----------+------+----------+
        |                 |  Latency (cycles) | Iteration|  Initiation Interval  | Trip |          |
        |    Loop Name    |   min   |   max   |  Latency |  achieved |   target  | Count| Pipelined|
        +-----------------+---------+---------+----------+-----------+-----------+------+----------+
        |- LOOP_PAD_M     |     2336|     2336|       146|          -|          -|    16|    no    |
        | + LOOP_PAD_X    |      144|      144|        18|          -|          -|     8|    no    |
        |  ++ LOOP_PAD_Y  |       16|       16|         2|          -|          -|     8|    no    |
        +-----------------+---------+---------+----------+-----------+-----------+------+----------+



================================================================
== Utilization Estimates
================================================================
* Summary: 
+-----------------+---------+-------+--------+-------+-----+
|       Name      | BRAM_18K| DSP48E|   FF   |  LUT  | URAM|
+-----------------+---------+-------+--------+-------+-----+
|DSP              |        -|      -|       -|      -|    -|
|Expression       |        -|      -|       0|    109|    -|
|FIFO             |        -|      -|       -|      -|    -|
|Instance         |        -|      -|       -|      -|    -|
|Memory           |        -|      -|       -|      -|    -|
|Multiplexer      |        -|      -|       -|     75|    -|
|Register         |        -|      -|      51|      -|    -|
+-----------------+---------+-------+--------+-------+-----+
|Total            |        0|      0|      51|    184|    0|
+-----------------+---------+-------+--------+-------+-----+
|Available        |      280|    220|  106400|  53200|    0|
+-----------------+---------+-------+--------+-------+-----+
|Utilization (%)  |        0|      0|   ~0   |   ~0  |    0|
+-----------------+---------+-------+--------+-------+-----+

+ Detail: 
    * Instance: 
    N/A

    * DSP48E: 
    N/A

    * Memory: 
    N/A

    * FIFO: 
    N/A

    * Expression: 
    +----------------------+----------+-------+---+----+------------+------------+
    |     Variable Name    | Operation| DSP48E| FF| LUT| Bitwidth P0| Bitwidth P1|
    +----------------------+----------+-------+---+----+------------+------------+
    |add_ln27_2_fu_201_p2  |     +    |      0|  0|  10|           8|           8|
    |add_ln27_3_fu_207_p2  |     +    |      0|  0|  10|           8|           8|
    |add_ln27_fu_167_p2    |     +    |      0|  0|  15|           8|           8|
    |m_fu_113_p2           |     +    |      0|  0|  15|           5|           1|
    |x_fu_129_p2           |     +    |      0|  0|  13|           4|           1|
    |y_fu_149_p2           |     +    |      0|  0|  13|           4|           1|
    |icmp_ln22_fu_107_p2   |   icmp   |      0|  0|  11|           5|           6|
    |icmp_ln24_fu_123_p2   |   icmp   |      0|  0|  11|           4|           5|
    |icmp_ln26_fu_143_p2   |   icmp   |      0|  0|  11|           4|           5|
    +----------------------+----------+-------+---+----+------------+------------+
    |Total                 |          |      0|  0| 109|          50|          43|
    +----------------------+----------+-------+---+----+------------+------------+

    * Multiplexer: 
    +-------------------+----+-----------+-----+-----------+
    |        Name       | LUT| Input Size| Bits| Total Bits|
    +-------------------+----+-----------+-----+-----------+
    |ap_NS_fsm          |  33|          6|    1|          6|
    |m_0_reg_74         |   9|          2|    5|         10|
    |output_r_address0  |  15|          3|    7|         21|
    |x_0_reg_85         |   9|          2|    4|          8|
    |y_0_reg_96         |   9|          2|    4|          8|
    +-------------------+----+-----------+-----+-----------+
    |Total              |  75|         15|   21|         53|
    +-------------------+----+-----------+-----+-----------+

    * Register: 
    +---------------------+---+----+-----+-----------+
    |         Name        | FF| LUT| Bits| Const Bits|
    +---------------------+---+----+-----+-----------+
    |ap_CS_fsm            |  5|   0|    5|          0|
    |m_0_reg_74           |  5|   0|    5|          0|
    |m_reg_237            |  5|   0|    5|          0|
    |output_addr_reg_279  |  7|   0|    7|          0|
    |x_0_reg_85           |  4|   0|    4|          0|
    |x_reg_251            |  4|   0|    4|          0|
    |y_0_reg_96           |  4|   0|    4|          0|
    |y_reg_269            |  4|   0|    4|          0|
    |zext_ln26_reg_261    |  4|   0|    8|          4|
    |zext_ln27_1_reg_256  |  4|   0|    8|          4|
    |zext_ln27_reg_242    |  5|   0|    6|          1|
    +---------------------+---+----+-----+-----------+
    |Total                | 51|   0|   60|          9|
    +---------------------+---+----+-----+-----------+



================================================================
== Interface
================================================================
* Summary: 
+-------------------+-----+-----+------------+--------------+--------------+
|     RTL Ports     | Dir | Bits|  Protocol  | Source Object|    C Type    |
+-------------------+-----+-----+------------+--------------+--------------+
|ap_clk             |  in |    1| ap_ctrl_hs |  pad<16, 8>  | return value |
|ap_rst             |  in |    1| ap_ctrl_hs |  pad<16, 8>  | return value |
|ap_start           |  in |    1| ap_ctrl_hs |  pad<16, 8>  | return value |
|ap_done            | out |    1| ap_ctrl_hs |  pad<16, 8>  | return value |
|ap_idle            | out |    1| ap_ctrl_hs |  pad<16, 8>  | return value |
|ap_ready           | out |    1| ap_ctrl_hs |  pad<16, 8>  | return value |
|input_r_address0   | out |    6|  ap_memory |    input_r   |     array    |
|input_r_ce0        | out |    1|  ap_memory |    input_r   |     array    |
|input_r_q0         |  in |   16|  ap_memory |    input_r   |     array    |
|output_r_address0  | out |    7|  ap_memory |   output_r   |     array    |
|output_r_ce0       | out |    1|  ap_memory |   output_r   |     array    |
|output_r_we0       | out |    1|  ap_memory |   output_r   |     array    |
|output_r_d0        | out |   16|  ap_memory |   output_r   |     array    |
|output_r_q0        |  in |   16|  ap_memory |   output_r   |     array    |
+-------------------+-----+-----+------------+--------------+--------------+

